<?xml version="1.0" encoding="UTF-8"?>
<!-- Generated by org.testng.reporters.JUnitReportReporter -->
<testsuite skipped="0" hostname="fortuna" name="softwaretestingtutorialsautomation.DragAndDropAnElement1" tests="1" failures="0" timestamp="2019-11-12T16:15:03 CET" time="0.413" errors="0">
  <testcase name="dragAndDrop" time="0.413" classname="softwaretestingtutorialsautomation.DragAndDropAnElement1"/>
</testsuite> <!-- softwaretestingtutorialsautomation.DragAndDropAnElement1 -->
