<?xml version="1.0" encoding="UTF-8"?>
<!-- Generated by org.testng.reporters.JUnitReportReporter -->
<testsuite skipped="0" hostname="fortuna" name="softwaretestingtutorialsautomation.JQueryDatePicker" tests="1" failures="0" timestamp="08 Nov 2019 11:08:23 GMT" time="26.650" errors="0">
  <testcase name="pickExpDate" time="26.650" classname="softwaretestingtutorialsautomation.JQueryDatePicker"/>
</testsuite> <!-- softwaretestingtutorialsautomation.JQueryDatePicker -->
