<?xml version="1.0" encoding="UTF-8"?>
<!-- Generated by org.testng.reporters.JUnitReportReporter -->
<testsuite skipped="0" hostname="fortuna" name="EKO_package.web_android" tests="1" failures="0" timestamp="21 Sep 2019 07:58:09 GMT" time="23.670" errors="0">
  <testcase name="test" time="23.670" classname="EKO_package.web_android"/>
</testsuite> <!-- EKO_package.web_android -->
