<?xml version="1.0" encoding="UTF-8"?>
<!-- Generated by org.testng.reporters.JUnitReportReporter -->
<testsuite skipped="0" hostname="fortuna" name="softwaretestingtutorialsautomation.Verifyisscrollpresent" tests="1" failures="0" timestamp="2019-11-12T19:24:02 CET" time="6.345" errors="0">
  <testcase name="getScrollStatus" time="6.345" classname="softwaretestingtutorialsautomation.Verifyisscrollpresent"/>
</testsuite> <!-- softwaretestingtutorialsautomation.Verifyisscrollpresent -->
