<?xml version="1.0" encoding="UTF-8"?>
<!-- Generated by org.testng.reporters.JUnitReportReporter -->
<testsuite skipped="0" hostname="fortuna" name="softwaretestingtutorialsautomation.HeightandWitdhtofelement" tests="1" failures="0" timestamp="2019-11-13T14:06:03 CET" time="0.021" errors="0">
  <testcase name="getSize" time="0.021" classname="softwaretestingtutorialsautomation.HeightandWitdhtofelement"/>
</testsuite> <!-- softwaretestingtutorialsautomation.HeightandWitdhtofelement -->
