<?xml version="1.0" encoding="UTF-8"?>
<!-- Generated by org.testng.reporters.JUnitReportReporter -->
<testsuite skipped="0" hostname="fortuna" name="softwaretestingtutorialsautomation.PhantomJSheadlessbrowser" tests="1" failures="0" timestamp="2019-11-13T15:25:58 CET" time="2.813" errors="0">
  <testcase name="phantomTest" time="2.813" classname="softwaretestingtutorialsautomation.PhantomJSheadlessbrowser"/>
</testsuite> <!-- softwaretestingtutorialsautomation.PhantomJSheadlessbrowser -->
