<?xml version="1.0" encoding="UTF-8"?>
<!-- Generated by org.testng.reporters.JUnitReportReporter -->
<testsuite skipped="0" hostname="fortuna" name="POM_tests.FbHomeTest" tests="1" failures="0" timestamp="26 Oct 2019 15:30:19 GMT" time="1.253" errors="0">
  <testcase name="Home" time="1.253" classname="POM_tests.FbHomeTest"/>
</testsuite> <!-- POM_tests.FbHomeTest -->
