<?xml version="1.0" encoding="UTF-8"?>
<!-- Generated by org.testng.reporters.JUnitReportReporter -->
<testsuite skipped="0" hostname="fortuna" name="softwaretestingtutorialsautomation.SelectjQuerySelectableItems" tests="1" failures="0" timestamp="08 Nov 2019 11:18:18 GMT" time="0.304" errors="0">
  <testcase name="selectItems" time="0.304" classname="softwaretestingtutorialsautomation.SelectjQuerySelectableItems"/>
</testsuite> <!-- softwaretestingtutorialsautomation.SelectjQuerySelectableItems -->
