<?xml version="1.0" encoding="UTF-8"?>
<!-- Generated by org.testng.reporters.JUnitReportReporter -->
<testsuite skipped="0" hostname="fortuna" name="softwaretestingtutorialsautomation.Sample_Login" tests="4" failures="0" timestamp="06 Nov 2019 14:21:37 GMT" time="0.637" errors="0">
  <testcase name="LogIn_Test" time="0.185" classname="softwaretestingtutorialsautomation.Sample_Login"/>
  <testcase name="LogIn_Test" time="0.145" classname="softwaretestingtutorialsautomation.Sample_Login"/>
  <testcase name="LogIn_Test" time="0.145" classname="softwaretestingtutorialsautomation.Sample_Login"/>
  <testcase name="LogIn_Test" time="0.162" classname="softwaretestingtutorialsautomation.Sample_Login"/>
</testsuite> <!-- softwaretestingtutorialsautomation.Sample_Login -->
