<?xml version="1.0" encoding="UTF-8"?>
<!-- Generated by org.testng.reporters.JUnitReportReporter -->
<testsuite skipped="1" hostname="fortuna" name="softwaretestingtutorialsautomation.EnabledDisablemethodtestng" tests="2" failures="0" timestamp="2019-11-14T14:13:42 CET" time="1.065" errors="0">
  <testcase name="testCaseTwo_Test_One" time="1.065" classname="softwaretestingtutorialsautomation.EnabledDisablemethodtestng"/>
  <testcase name="testCaseOne_Test_One" classname="softwaretestingtutorialsautomation.EnabledDisablemethodtestng">
    <skipped/>
  </testcase> <!-- testCaseOne_Test_One -->
</testsuite> <!-- softwaretestingtutorialsautomation.EnabledDisablemethodtestng -->
