<?xml version="1.0" encoding="UTF-8"?>
<!-- Generated by org.testng.reporters.JUnitReportReporter -->
<testsuite skipped="0" hostname="fortuna" name="TaskWorldTest.TaskWorld" tests="5" failures="0" timestamp="2019-11-18T20:27:27 CET" time="36.610" errors="0">
  <testcase name="initialize" time="6.712" classname="TaskWorldTest.TaskWorld"/>
  <testcase name="Create_Project" time="17.045" classname="TaskWorldTest.TaskWorld"/>
  <testcase name="Create_Tasklist" time="0.695" classname="TaskWorldTest.TaskWorld"/>
  <testcase name="Add_Task" time="0.427" classname="TaskWorldTest.TaskWorld"/>
  <testcase name="Completed_Task" time="11.731" classname="TaskWorldTest.TaskWorld"/>
</testsuite> <!-- TaskWorldTest.TaskWorld -->
