<?xml version="1.0" encoding="UTF-8"?>
<!-- Generated by org.testng.reporters.JUnitReportReporter -->
<testsuite skipped="0" hostname="fortuna" name="softwaretestingtutorialsautomation.Prioritytestng" tests="3" failures="0" timestamp="2019-11-14T13:25:47 CET" time="0.010" errors="0">
  <testcase name="Login" time="0.007" classname="softwaretestingtutorialsautomation.Prioritytestng"/>
  <testcase name="checkMail" time="0.001" classname="softwaretestingtutorialsautomation.Prioritytestng"/>
  <testcase name="LogOut" time="0.002" classname="softwaretestingtutorialsautomation.Prioritytestng"/>
</testsuite> <!-- softwaretestingtutorialsautomation.Prioritytestng -->
