<?xml version="1.0" encoding="UTF-8"?>
<!-- Generated by org.testng.reporters.JUnitReportReporter -->
<testsuite skipped="0" hostname="fortuna" name="softwaretestingtutorialsautomation.DoubleClick" tests="1" failures="0" timestamp="2019-11-12T16:11:31 CET" time="3.262" errors="0">
  <testcase name="doubleClick_Button" time="3.262" classname="softwaretestingtutorialsautomation.DoubleClick"/>
</testsuite> <!-- softwaretestingtutorialsautomation.DoubleClick -->
