<?xml version="1.0" encoding="UTF-8"?>
<!-- Generated by org.testng.reporters.JUnitReportReporter -->
<testsuite skipped="0" hostname="fortuna" name="softwaretestingtutorialsautomation.preserveorder2" tests="1" failures="0" timestamp="2019-11-14T14:02:12 CET" time="0.001" errors="0">
  <testcase name="testCaseOne_ClassThree" time="0.001" classname="softwaretestingtutorialsautomation.preserveorder2"/>
</testsuite> <!-- softwaretestingtutorialsautomation.preserveorder2 -->
