<?xml version="1.0" encoding="UTF-8"?>
<!-- Generated by org.testng.reporters.JUnitReportReporter -->
<testsuite skipped="0" hostname="fortuna" name="softwaretestingtutorialsautomation.grouptestng" tests="4" failures="0" timestamp="2019-11-14T14:57:16 CET" time="0.009" errors="0">
  <testcase name="logIn" time="0.005" classname="softwaretestingtutorialsautomation.grouptestng"/>
  <testcase name="viewNews" time="0.001" classname="softwaretestingtutorialsautomation.grouptestng"/>
  <testcase name="checkMail" time="0.001" classname="softwaretestingtutorialsautomation.grouptestng"/>
  <testcase name="logOut" time="0.002" classname="softwaretestingtutorialsautomation.grouptestng"/>
</testsuite> <!-- softwaretestingtutorialsautomation.grouptestng -->
