<?xml version="1.0" encoding="UTF-8"?>
<!-- Generated by org.testng.reporters.JUnitReportReporter -->
<testsuite skipped="0" hostname="fortuna" name="softwaretestingtutorialsautomation.ExpectedExpection" tests="1" failures="0" timestamp="2019-11-14T18:23:23 CET" time="10.070" errors="0">
  <testcase name="testCaseOne_Test_One" time="10.070" classname="softwaretestingtutorialsautomation.ExpectedExpection"/>
</testsuite> <!-- softwaretestingtutorialsautomation.ExpectedExpection -->
