<?xml version="1.0" encoding="UTF-8"?>
<!-- Generated by org.testng.reporters.JUnitReportReporter -->
<testsuite skipped="0" hostname="fortuna" name="EKO_package.Test_Grid" tests="3" failures="0" timestamp="26 Sep 2019 11:58:21 GMT" time="0.156" errors="0">
  <testcase name="test" time="0.128" classname="EKO_package.Test_Grid"/>
  <testcase name="test" time="0.017" classname="EKO_package.Test_Grid"/>
  <testcase name="test" time="0.011" classname="EKO_package.Test_Grid"/>
</testsuite> <!-- EKO_package.Test_Grid -->
