<?xml version="1.0" encoding="UTF-8"?>
<!-- Generated by org.testng.reporters.JUnitReportReporter -->
<testsuite skipped="0" hostname="fortuna" name="softwaretestingtutorialsautomation.ExtractDomainCookie" tests="1" failures="0" timestamp="2019-11-13T14:15:59 CET" time="0.017" errors="0">
  <testcase name="extrctCookie" time="0.017" classname="softwaretestingtutorialsautomation.ExtractDomainCookie"/>
</testsuite> <!-- softwaretestingtutorialsautomation.ExtractDomainCookie -->
