<?xml version="1.0" encoding="UTF-8"?>
<!-- Generated by org.testng.reporters.JUnitReportReporter -->
<testsuite skipped="0" hostname="fortuna" name="softwaretestingtutorialsautomation.DragAndDropElementByPixel" tests="1" failures="0" timestamp="08 Nov 2019 11:28:13 GMT" time="16.595" errors="0">
  <testcase name="dragAndDrop" time="16.595" classname="softwaretestingtutorialsautomation.DragAndDropElementByPixel"/>
</testsuite> <!-- softwaretestingtutorialsautomation.DragAndDropElementByPixel -->
