<?xml version="1.0" encoding="UTF-8"?>
<!-- Generated by org.testng.reporters.JUnitReportReporter -->
<testsuite skipped="0" hostname="fortuna" name="softwaretestingtutorialsautomation.Sample_Login_dataprovider1" tests="4" failures="0" timestamp="2019-11-12T16:36:18 CET" time="0.825" errors="0">
  <testcase name="LogIn_Test" time="0.251" classname="softwaretestingtutorialsautomation.Sample_Login_dataprovider1"/>
  <testcase name="LogIn_Test" time="0.202" classname="softwaretestingtutorialsautomation.Sample_Login_dataprovider1"/>
  <testcase name="LogIn_Test" time="0.195" classname="softwaretestingtutorialsautomation.Sample_Login_dataprovider1"/>
  <testcase name="LogIn_Test" time="0.177" classname="softwaretestingtutorialsautomation.Sample_Login_dataprovider1"/>
</testsuite> <!-- softwaretestingtutorialsautomation.Sample_Login_dataprovider1 -->
