<?xml version="1.0" encoding="UTF-8"?>
<!-- Generated by org.testng.reporters.JUnitReportReporter -->
<testsuite skipped="0" hostname="fortuna" name="softwaretestingtutorialsautomation.WaitPageforload" tests="1" failures="0" timestamp="2019-11-12T18:52:10 CET" time="0.994" errors="0">
  <testcase name="calc" time="0.994" classname="softwaretestingtutorialsautomation.WaitPageforload"/>
</testsuite> <!-- softwaretestingtutorialsautomation.WaitPageforload -->
