<?xml version="1.0" encoding="UTF-8"?>
<!-- Generated by org.testng.reporters.JUnitReportReporter -->
<testsuite skipped="0" hostname="fortuna" name="softwaretestingtutorialsautomation.moveSlider1" tests="1" failures="0" timestamp="2019-11-12T16:35:17 CET" time="5.858" errors="0">
  <testcase name="selectItems" time="5.858" classname="softwaretestingtutorialsautomation.moveSlider1"/>
</testsuite> <!-- softwaretestingtutorialsautomation.moveSlider1 -->
