<?xml version="1.0" encoding="UTF-8"?>
<!-- Generated by org.testng.reporters.JUnitReportReporter -->
<testsuite skipped="0" hostname="fortuna" name="softwaretestingtutorialsautomation.Login_case_dataprovider" tests="3" failures="0" timestamp="07 Nov 2019 09:20:58 GMT" time="0.386" errors="0">
  <testcase name="LogIn" time="0.116" classname="softwaretestingtutorialsautomation.Login_case_dataprovider"/>
  <testcase name="LogIn" time="0.110" classname="softwaretestingtutorialsautomation.Login_case_dataprovider"/>
  <testcase name="LogIn" time="0.160" classname="softwaretestingtutorialsautomation.Login_case_dataprovider"/>
</testsuite> <!-- softwaretestingtutorialsautomation.Login_case_dataprovider -->
