<?xml version="1.0" encoding="UTF-8"?>
<!-- Generated by org.testng.reporters.JUnitReportReporter -->
<testsuite skipped="0" hostname="fortuna" name="softwaretestingtutorialsautomation.ScrollUpDown" tests="1" failures="0" timestamp="2019-11-12T19:39:35 CET" time="3.057" errors="0">
  <testcase name="Scroll_Page" time="3.057" classname="softwaretestingtutorialsautomation.ScrollUpDown"/>
</testsuite> <!-- softwaretestingtutorialsautomation.ScrollUpDown -->
