<?xml version="1.0" encoding="UTF-8"?>
<!-- Generated by org.testng.reporters.JUnitReportReporter -->
<testsuite skipped="0" hostname="fortuna" name="POM_tests.FbProfileTest" tests="2" failures="0" timestamp="26 Oct 2019 15:30:19 GMT" time="1.000" errors="0">
  <testcase name="Profile" time="0.446" classname="POM_tests.FbProfileTest"/>
  <testcase name="Photos" time="0.554" classname="POM_tests.FbProfileTest"/>
</testsuite> <!-- POM_tests.FbProfileTest -->
