<?xml version="1.0" encoding="UTF-8"?>
<!-- Generated by org.testng.reporters.JUnitReportReporter -->
<testsuite skipped="0" hostname="fortuna" name="softwaretestingtutorialsautomation.RecordTest" tests="1" failures="0" timestamp="2019-11-12T18:59:55 CET" time="4.160" errors="0">
  <testcase name="getScrollStatus" time="4.160" classname="softwaretestingtutorialsautomation.RecordTest"/>
</testsuite> <!-- softwaretestingtutorialsautomation.RecordTest -->
