<?xml version="1.0" encoding="UTF-8"?>
<!-- Generated by org.testng.reporters.JUnitReportReporter -->
<testsuite skipped="0" hostname="fortuna" name="softwaretestingtutorialsautomation.preserveorder3" tests="1" failures="0" timestamp="2019-11-14T14:02:12 CET" time="0.002" errors="0">
  <testcase name="testCaseOne_ClassTwo" time="0.002" classname="softwaretestingtutorialsautomation.preserveorder3"/>
</testsuite> <!-- softwaretestingtutorialsautomation.preserveorder3 -->
