<?xml version="1.0" encoding="UTF-8"?>
<!-- Generated by org.testng.reporters.JUnitReportReporter -->
<testsuite skipped="0" hostname="fortuna" name="softwaretestingtutorialsautomation.TestClassesparallel1" tests="2" failures="0" timestamp="2019-11-14T13:38:45 CET" time="2.045" errors="0">
  <testcase name="testCaseOne_Test_One" time="1.036" classname="softwaretestingtutorialsautomation.TestClassesparallel1"/>
  <testcase name="testCaseTwo_Test_One" time="1.009" classname="softwaretestingtutorialsautomation.TestClassesparallel1"/>
</testsuite> <!-- softwaretestingtutorialsautomation.TestClassesparallel1 -->
