<?xml version="1.0" encoding="UTF-8"?>
<!-- Generated by org.testng.reporters.JUnitReportReporter -->
<testsuite skipped="0" hostname="fortuna" name="EKO_package.Eko_android" tests="5" failures="0" timestamp="19 Sep 2019 19:04:05 GMT" time="35.616" errors="0">
  <testcase name="open_chat" time="14.769" classname="EKO_package.Eko_android"/>
  <testcase name="open_group_chat" time="3.405" classname="EKO_package.Eko_android"/>
  <testcase name="create_chat" time="6.343" classname="EKO_package.Eko_android"/>
  <testcase name="create_group_chat" time="8.719" classname="EKO_package.Eko_android"/>
  <testcase name="audio_call" time="2.380" classname="EKO_package.Eko_android"/>
</testsuite> <!-- EKO_package.Eko_android -->
