<?xml version="1.0" encoding="UTF-8"?>
<!-- Generated by org.testng.reporters.JUnitReportReporter -->
<testsuite skipped="0" hostname="fortuna" name="softwaretestingtutorialsautomation.Windowspositionsize" tests="2" failures="0" timestamp="2019-11-13T09:11:38 CET" time="0.071" errors="0">
  <testcase name="setGetWinSize" time="0.056" classname="softwaretestingtutorialsautomation.Windowspositionsize"/>
  <testcase name="setGetWinPosition" time="0.015" classname="softwaretestingtutorialsautomation.Windowspositionsize"/>
</testsuite> <!-- softwaretestingtutorialsautomation.Windowspositionsize -->
