<?xml version="1.0" encoding="UTF-8"?>
<!-- Generated by org.testng.reporters.JUnitReportReporter -->
<testsuite skipped="0" hostname="fortuna" name="softwaretestingtutorialsautomation.Save_Image_Robot" tests="1" failures="0" timestamp="07 Nov 2019 15:25:56 GMT" time="3.277" errors="0">
  <testcase name="Save_Image" time="3.277" classname="softwaretestingtutorialsautomation.Save_Image_Robot"/>
</testsuite> <!-- softwaretestingtutorialsautomation.Save_Image_Robot -->
