<?xml version="1.0" encoding="UTF-8"?>
<!-- Generated by org.testng.reporters.JUnitReportReporter -->
<testsuite skipped="0" hostname="fortuna" name="softwaretestingtutorialsautomation.TestClassesparallel2" tests="2" failures="0" timestamp="2019-11-14T13:38:45 CET" time="2.048" errors="0">
  <testcase name="testCaseOne_Test_Two" time="1.035" classname="softwaretestingtutorialsautomation.TestClassesparallel2"/>
  <testcase name="testCaseTwo_Test_Two" time="1.013" classname="softwaretestingtutorialsautomation.TestClassesparallel2"/>
</testsuite> <!-- softwaretestingtutorialsautomation.TestClassesparallel2 -->
