<?xml version="1.0" encoding="UTF-8"?>
<!-- Generated by org.testng.reporters.JUnitReportReporter -->
<testsuite skipped="0" hostname="fortuna" name="softwaretestingtutorialsautomation.DeleteSpecificAllCookies" tests="1" failures="0" timestamp="2019-11-13T14:29:44 CET" time="0.040" errors="0">
  <testcase name="deleteCookie" time="0.040" classname="softwaretestingtutorialsautomation.DeleteSpecificAllCookies"/>
</testsuite> <!-- softwaretestingtutorialsautomation.DeleteSpecificAllCookies -->
