<?xml version="1.0" encoding="UTF-8"?>
<!-- Generated by org.testng.reporters.JUnitReportReporter -->
<testsuite skipped="0" hostname="fortuna" name="softwaretestingtutorialsautomation.CalcTest1" tests="1" failures="0" timestamp="2019-11-12T15:56:07 CET" time="17.683" errors="0">
  <testcase name="Calc_Operations" time="17.683" classname="softwaretestingtutorialsautomation.CalcTest1"/>
</testsuite> <!-- softwaretestingtutorialsautomation.CalcTest1 -->
