<?xml version="1.0" encoding="UTF-8"?>
<!-- Generated by org.testng.reporters.JUnitReportReporter -->
<testsuite skipped="0" hostname="fortuna" name="softwaretestingtutorialsautomation.DragAndDropAnElement" tests="1" failures="0" timestamp="08 Nov 2019 11:31:08 GMT" time="0.377" errors="0">
  <testcase name="dragAndDrop" time="0.377" classname="softwaretestingtutorialsautomation.DragAndDropAnElement"/>
</testsuite> <!-- softwaretestingtutorialsautomation.DragAndDropAnElement -->
