<?xml version="1.0" encoding="UTF-8"?>
<!-- Generated by org.testng.reporters.JUnitReportReporter -->
<testsuite skipped="0" hostname="fortuna" name="softwaretestingtutorialsautomation.ZoomINZoomOut" tests="1" failures="0" timestamp="2019-11-12T18:55:06 CET" time="0.289" errors="0">
  <testcase name="getScrollStatus" time="0.289" classname="softwaretestingtutorialsautomation.ZoomINZoomOut"/>
</testsuite> <!-- softwaretestingtutorialsautomation.ZoomINZoomOut -->
