<?xml version="1.0" encoding="UTF-8"?>
<!-- Generated by org.testng.reporters.JUnitReportReporter -->
<testsuite skipped="0" hostname="fortuna" name="softwaretestingtutorialsautomation.ExecutingJavaScriptInHtmlUnitDriver" tests="1" failures="0" timestamp="2019-11-13T14:55:12 CET" time="0.005" errors="0">
  <testcase name="googleSearch" time="0.005" classname="softwaretestingtutorialsautomation.ExecutingJavaScriptInHtmlUnitDriver"/>
</testsuite> <!-- softwaretestingtutorialsautomation.ExecutingJavaScriptInHtmlUnitDriver -->
