<?xml version="1.0" encoding="UTF-8"?>
<!-- Generated by org.testng.reporters.JUnitReportReporter -->
<testsuite skipped="0" hostname="fortuna" name="softwaretestingtutorialsautomation.AddNewCookie" tests="1" failures="0" timestamp="2019-11-13T14:20:58 CET" time="0.019" errors="0">
  <testcase name="addCookie" time="0.019" classname="softwaretestingtutorialsautomation.AddNewCookie"/>
</testsuite> <!-- softwaretestingtutorialsautomation.AddNewCookie -->
