<?xml version="1.0" encoding="UTF-8"?>
<!-- Generated by org.testng.reporters.JUnitReportReporter -->
<testsuite skipped="1" hostname="fortuna" name="softwaretestingtutorialsautomation.HeadlessBrowserTestInDifferentBrowsers" tests="2" failures="0" timestamp="2019-11-13T15:01:55 CET" time="4.058" errors="1">
  <testcase name="googleSearch" time="0.000" classname="softwaretestingtutorialsautomation.HeadlessBrowserTestInDifferentBrowsers">
    <skipped/>
  </testcase> <!-- googleSearch -->
  <testcase name="setup" time="4.058" classname="softwaretestingtutorialsautomation.HeadlessBrowserTestInDifferentBrowsers">
    <error type="org.openqa.selenium.WebDriverException" message="net.sourceforge.htmlunit.corejs.javascript.EvaluatorException: Exception: com.gargoylesoftware.htmlunit.ScriptException: ReferenceError: &quot;media&quot; is not defined.
Build info: version: &#039;3.141.59&#039;, revision: &#039;e82be7d358&#039;, time: &#039;2018-11-14T08:25:48&#039;
System info: host: &#039;FORTUNA&#039;, ip: &#039;192.168.31.1&#039;, os.name: &#039;Windows 10&#039;, os.arch: &#039;amd64&#039;, os.version: &#039;10.0&#039;, java.version: &#039;1.8.0_191&#039;
Driver info: driver.version: HtmlUnitDriver">
      <![CDATA[org.openqa.selenium.WebDriverException: net.sourceforge.htmlunit.corejs.javascript.EvaluatorException: Exception: com.gargoylesoftware.htmlunit.ScriptException: ReferenceError: "media" is not defined.
Build info: version: '3.141.59', revision: 'e82be7d358', time: '2018-11-14T08:25:48'
System info: host: 'FORTUNA', ip: '192.168.31.1', os.name: 'Windows 10', os.arch: 'amd64', os.version: '10.0', java.version: '1.8.0_191'
Driver info: driver.version: HtmlUnitDriver
at org.openqa.selenium.htmlunit.HtmlUnitDriver.get(HtmlUnitDriver.java:733)
at org.openqa.selenium.htmlunit.HtmlUnitDriver.lambda$get$8(HtmlUnitDriver.java:697)
at org.openqa.selenium.htmlunit.HtmlUnitDriver.lambda$runAsync$0(HtmlUnitDriver.java:438)
at java.util.concurrent.ThreadPoolExecutor.runWorker(ThreadPoolExecutor.java:1149)
at java.util.concurrent.ThreadPoolExecutor$Worker.run(ThreadPoolExecutor.java:624)
at java.lang.Thread.run(Thread.java:748)
Caused by: net.sourceforge.htmlunit.corejs.javascript.EvaluatorException: Exception: com.gargoylesoftware.htmlunit.ScriptException: ReferenceError: "media" is not defined.
at net.sourceforge.htmlunit.corejs.javascript.Context.reportRuntimeError(Context.java:1072)
at net.sourceforge.htmlunit.corejs.javascript.Context.reportRuntimeError(Context.java:1122)
at com.gargoylesoftware.htmlunit.javascript.host.css.CSSStyleSheet.loadStylesheet(CSSStyleSheet.java:370)
at com.gargoylesoftware.htmlunit.html.HtmlLink$1.execute(HtmlLink.java:300)
at com.gargoylesoftware.htmlunit.html.HtmlLink.onAllChildrenAddedToPage(HtmlLink.java:310)
at com.gargoylesoftware.htmlunit.html.HTMLParser$HtmlUnitDOMBuilder.endElement(HTMLParser.java:792)
at org.apache.xerces.parsers.AbstractSAXParser.endElement(Unknown Source)
at com.gargoylesoftware.htmlunit.html.HTMLParser$HtmlUnitDOMBuilder.endElement(HTMLParser.java:748)
at org.apache.xerces.parsers.AbstractXMLDocumentParser.emptyElement(Unknown Source)
at net.sourceforge.htmlunit.cyberneko.HTMLTagBalancer.startElement(HTMLTagBalancer.java:763)
at net.sourceforge.htmlunit.cyberneko.HTMLTagBalancer.emptyElement(HTMLTagBalancer.java:810)
at net.sourceforge.htmlunit.cyberneko.filters.DefaultFilter.emptyElement(DefaultFilter.java:149)
at net.sourceforge.htmlunit.cyberneko.filters.NamespaceBinder.emptyElement(NamespaceBinder.java:284)
at net.sourceforge.htmlunit.cyberneko.HTMLScanner$ContentScanner.scanStartElement(HTMLScanner.java:2766)
at net.sourceforge.htmlunit.cyberneko.HTMLScanner$ContentScanner.scan(HTMLScanner.java:2091)
at net.sourceforge.htmlunit.cyberneko.HTMLScanner.scanDocument(HTMLScanner.java:922)
at net.sourceforge.htmlunit.cyberneko.HTMLConfiguration.parse(HTMLConfiguration.java:438)
at net.sourceforge.htmlunit.cyberneko.HTMLConfiguration.parse(HTMLConfiguration.java:389)
at org.apache.xerces.parsers.XMLParser.parse(Unknown Source)
at com.gargoylesoftware.htmlunit.html.HTMLParser$HtmlUnitDOMBuilder.parse(HTMLParser.java:991)
at com.gargoylesoftware.htmlunit.html.HTMLParser.parse(HTMLParser.java:246)
at com.gargoylesoftware.htmlunit.html.HTMLParser.parseHtml(HTMLParser.java:190)
at com.gargoylesoftware.htmlunit.DefaultPageCreator.createHtmlPage(DefaultPageCreator.java:269)
at com.gargoylesoftware.htmlunit.DefaultPageCreator.createPage(DefaultPageCreator.java:160)
at com.gargoylesoftware.htmlunit.WebClient.loadWebResponseInto(WebClient.java:534)
at com.gargoylesoftware.htmlunit.WebClient.getPage(WebClient.java:400)
at com.gargoylesoftware.htmlunit.WebClient.getPage(WebClient.java:317)
at org.openqa.selenium.htmlunit.HtmlUnitDriver.get(HtmlUnitDriver.java:715)
... 5 more
]]>
    </error>
  </testcase> <!-- setup -->
</testsuite> <!-- softwaretestingtutorialsautomation.HeadlessBrowserTestInDifferentBrowsers -->
