<?xml version="1.0" encoding="UTF-8"?>
<!-- Generated by org.testng.reporters.JUnitReportReporter -->
<testsuite skipped="0" hostname="fortuna" name="softwaretestingtutorialsautomation.AutoIt_Test" tests="1" failures="0" timestamp="2019-11-12T17:58:32 CET" time="0.096" errors="0">
  <testcase name="testCaseOne_Test_One" time="0.096" classname="softwaretestingtutorialsautomation.AutoIt_Test"/>
</testsuite> <!-- softwaretestingtutorialsautomation.AutoIt_Test -->
