<?xml version="1.0" encoding="UTF-8"?>
<!-- Generated by org.testng.reporters.JUnitReportReporter -->
<testsuite skipped="0" hostname="fortuna" name="softwaretestingtutorialsautomation.SelectCheckboxfromtable" tests="1" failures="0" timestamp="2019-11-13T10:26:07 CET" time="0.492" errors="0">
  <testcase name="selectCheck" time="0.492" classname="softwaretestingtutorialsautomation.SelectCheckboxfromtable"/>
</testsuite> <!-- softwaretestingtutorialsautomation.SelectCheckboxfromtable -->
