<?xml version="1.0" encoding="UTF-8"?>
<!-- Generated by org.testng.reporters.JUnitReportReporter -->
<testsuite skipped="0" hostname="fortuna" name="softwaretestingtutorialsautomation.Iframes" tests="1" failures="0" timestamp="2019-11-12T18:45:04 CET" time="0.858" errors="0">
  <testcase name="handleFrames" time="0.858" classname="softwaretestingtutorialsautomation.Iframes"/>
</testsuite> <!-- softwaretestingtutorialsautomation.Iframes -->
