<?xml version="1.0" encoding="UTF-8"?>
<!-- Generated by org.testng.reporters.JUnitReportReporter -->
<testsuite skipped="0" hostname="fortuna" name="softwaretestingtutorialsautomation.FormSubmit_Data_Provider_SIngleMethod1" tests="3" failures="0" timestamp="2019-11-12T16:22:45 CET" time="0.783" errors="0">
  <testcase name="Submit" time="0.254" classname="softwaretestingtutorialsautomation.FormSubmit_Data_Provider_SIngleMethod1"/>
  <testcase name="Submit" time="0.212" classname="softwaretestingtutorialsautomation.FormSubmit_Data_Provider_SIngleMethod1"/>
  <testcase name="Submit" time="0.317" classname="softwaretestingtutorialsautomation.FormSubmit_Data_Provider_SIngleMethod1"/>
</testsuite> <!-- softwaretestingtutorialsautomation.FormSubmit_Data_Provider_SIngleMethod1 -->
