<?xml version="1.0" encoding="UTF-8"?>
<!-- Generated by org.testng.reporters.JUnitReportReporter -->
<testsuite skipped="0" hostname="fortuna" name="softwaretestingtutorialsautomation.GetXYCoordinatesOfElement" tests="1" failures="0" timestamp="2019-11-13T14:10:01 CET" time="0.020" errors="0">
  <testcase name="getCoordinates" time="0.020" classname="softwaretestingtutorialsautomation.GetXYCoordinatesOfElement"/>
</testsuite> <!-- softwaretestingtutorialsautomation.GetXYCoordinatesOfElement -->
