<?xml version="1.0" encoding="UTF-8"?>
<!-- Generated by org.testng.reporters.JUnitReportReporter -->
<testsuite skipped="0" hostname="fortuna" name="softwaretestingtutorialsautomation.Timeouttestng" tests="2" failures="0" timestamp="2019-11-14T14:29:10 CET" time="8.112" errors="0">
  <testcase name="timeoutTestTwo" time="2.034" classname="softwaretestingtutorialsautomation.Timeouttestng"/>
  <testcase name="timeoutTestOne" time="6.078" classname="softwaretestingtutorialsautomation.Timeouttestng"/>
</testsuite> <!-- softwaretestingtutorialsautomation.Timeouttestng -->
