<?xml version="1.0" encoding="UTF-8"?>
<!-- Generated by org.testng.reporters.JUnitReportReporter -->
<testsuite skipped="0" hostname="fortuna" name="softwaretestingtutorialsautomation.SelectjQuerySelectableItems1" tests="1" failures="0" timestamp="2019-11-12T16:44:56 CET" time="0.299" errors="0">
  <testcase name="selectItems" time="0.299" classname="softwaretestingtutorialsautomation.SelectjQuerySelectableItems1"/>
</testsuite> <!-- softwaretestingtutorialsautomation.SelectjQuerySelectableItems1 -->
