<?xml version="1.0" encoding="UTF-8"?>
<!-- Generated by org.testng.reporters.JUnitReportReporter -->
<testsuite skipped="0" hostname="fortuna" name="softwaretestingtutorialsautomation.Hidecomgargoylesoftwarehtmlunit" tests="1" failures="0" timestamp="2019-11-13T14:48:29 CET" time="7.173" errors="0">
  <testcase name="googleSearch" time="7.173" classname="softwaretestingtutorialsautomation.Hidecomgargoylesoftwarehtmlunit"/>
</testsuite> <!-- softwaretestingtutorialsautomation.Hidecomgargoylesoftwarehtmlunit -->
