<?xml version="1.0" encoding="UTF-8"?>
<!-- Generated by org.testng.reporters.JUnitReportReporter -->
<testsuite skipped="0" hostname="fortuna" name="softwaretestingtutorialsautomation.Save_Image_Robot1" tests="1" failures="0" timestamp="2019-11-12T16:39:21 CET" time="3.406" errors="0">
  <testcase name="Save_Image" time="3.406" classname="softwaretestingtutorialsautomation.Save_Image_Robot1"/>
</testsuite> <!-- softwaretestingtutorialsautomation.Save_Image_Robot1 -->
