<?xml version="1.0" encoding="UTF-8"?>
<!-- Generated by org.testng.reporters.JUnitReportReporter -->
<testsuite skipped="0" hostname="fortuna" name="softwaretestingtutorialsautomation.AutoIt_Test2" tests="1" failures="0" timestamp="2019-11-12T17:47:40 CET" time="18.770" errors="0">
  <testcase name="testCaseOne_Test_One" time="18.770" classname="softwaretestingtutorialsautomation.AutoIt_Test2"/>
</testsuite> <!-- softwaretestingtutorialsautomation.AutoIt_Test2 -->
