<?xml version="1.0" encoding="UTF-8"?>
<!-- Generated by org.testng.reporters.JUnitReportReporter -->
<testsuite skipped="0" hostname="fortuna" name="softwaretestingtutorialsautomation.JQueryDatePicker1" tests="1" failures="0" timestamp="2019-11-12T16:24:51 CET" time="30.926" errors="0">
  <testcase name="pickExpDate" time="30.926" classname="softwaretestingtutorialsautomation.JQueryDatePicker1"/>
</testsuite> <!-- softwaretestingtutorialsautomation.JQueryDatePicker1 -->
