<?xml version="1.0" encoding="UTF-8"?>
<!-- Generated by org.testng.reporters.JUnitReportReporter -->
<testsuite skipped="0" hostname="fortuna" name="softwaretestingtutorialsautomation.preserveorder1" tests="1" failures="0" timestamp="2019-11-14T14:02:12 CET" time="0.006" errors="0">
  <testcase name="testCaseOne_ClassOne" time="0.006" classname="softwaretestingtutorialsautomation.preserveorder1"/>
</testsuite> <!-- softwaretestingtutorialsautomation.preserveorder1 -->
