<?xml version="1.0" encoding="UTF-8"?>
<!-- Generated by org.testng.reporters.JUnitReportReporter -->
<testsuite skipped="0" hostname="fortuna" name="softwaretestingtutorialsautomation.DragAndDrop1" tests="1" failures="0" timestamp="2019-11-12T16:13:12 CET" time="16.401" errors="0">
  <testcase name="dragAndDrop" time="16.401" classname="softwaretestingtutorialsautomation.DragAndDrop1"/>
</testsuite> <!-- softwaretestingtutorialsautomation.DragAndDrop1 -->
